<?xml version="1.0" encoding="UTF-8"?>
<!-- Generated by org.testng.reporters.JUnitReportReporter -->
<testsuite skipped="0" hostname="DESKTOP-QMT2G90" name="Test_001" tests="2" failures="0" timestamp="2021-03-05T11:16:58 IST" time="34.549" errors="0">
  <testcase name="login_test" time="23.548" classname="Test_001"/>
  <system-out/>
  <testcase name="registration_test" time="11.001" classname="Test_001"/>
  <system-out/>
</testsuite> <!-- Test_001 -->
